09-Feb-2026 14:54:25.372 INFO [main] org.apache.catalina.startup.VersionLoggerListener.log Server version name:   Apache Tomcat/10.1.52
09-Feb-2026 14:54:25.374 INFO [main] org.apache.catalina.startup.VersionLoggerListener.log Server built:          Jan 23 2026 19:29:07 UTC
09-Feb-2026 14:54:25.374 INFO [main] org.apache.catalina.startup.VersionLoggerListener.log Server version number: 10.1.52.0
09-Feb-2026 14:54:25.374 INFO [main] org.apache.catalina.startup.VersionLoggerListener.log OS Name:               Mac OS X
09-Feb-2026 14:54:25.374 INFO [main] org.apache.catalina.startup.VersionLoggerListener.log OS Version:            26.2
09-Feb-2026 14:54:25.374 INFO [main] org.apache.catalina.startup.VersionLoggerListener.log Architecture:          aarch64
09-Feb-2026 14:54:25.374 INFO [main] org.apache.catalina.startup.VersionLoggerListener.log Java Home:             /opt/homebrew/Cellar/openjdk/25.0.1/libexec/openjdk.jdk/Contents/Home
09-Feb-2026 14:54:25.374 INFO [main] org.apache.catalina.startup.VersionLoggerListener.log JVM Version:           25.0.1
09-Feb-2026 14:54:25.374 INFO [main] org.apache.catalina.startup.VersionLoggerListener.log JVM Vendor:            Homebrew
09-Feb-2026 14:54:25.374 INFO [main] org.apache.catalina.startup.VersionLoggerListener.log CATALINA_BASE:         /Users/adityadaharwal/Developer/TEST_PROJECT/src/week6/Day1Project2/src/main/webpages
09-Feb-2026 14:54:25.374 INFO [main] org.apache.catalina.startup.VersionLoggerListener.log CATALINA_HOME:         /Users/adityadaharwal/Developer/TEST_PROJECT/src/week6/apache-tomcat-10.1.52
09-Feb-2026 14:54:25.382 INFO [main] org.apache.catalina.startup.VersionLoggerListener.log Command line argument: --add-opens=java.base/java.lang=ALL-UNNAMED
09-Feb-2026 14:54:25.382 INFO [main] org.apache.catalina.startup.VersionLoggerListener.log Command line argument: --add-opens=java.base/java.io=ALL-UNNAMED
09-Feb-2026 14:54:25.382 INFO [main] org.apache.catalina.startup.VersionLoggerListener.log Command line argument: --add-opens=java.base/java.util=ALL-UNNAMED
09-Feb-2026 14:54:25.382 INFO [main] org.apache.catalina.startup.VersionLoggerListener.log Command line argument: --add-opens=java.base/java.util.concurrent=ALL-UNNAMED
09-Feb-2026 14:54:25.382 INFO [main] org.apache.catalina.startup.VersionLoggerListener.log Command line argument: --add-opens=java.rmi/sun.rmi.transport=ALL-UNNAMED
09-Feb-2026 14:54:25.382 INFO [main] org.apache.catalina.startup.VersionLoggerListener.log Command line argument: -Dcatalina.home=/Users/adityadaharwal/Developer/TEST_PROJECT/src/week6/apache-tomcat-10.1.52
09-Feb-2026 14:54:25.382 INFO [main] org.apache.catalina.startup.VersionLoggerListener.log Command line argument: -Dcatalina.base=/Users/adityadaharwal/Developer/TEST_PROJECT/src/week6/Day1Project2/src/main/webpages
09-Feb-2026 14:54:25.382 INFO [main] org.apache.catalina.startup.VersionLoggerListener.log Command line argument: -Djava.io.tmpdir=/Users/adityadaharwal/Developer/TEST_PROJECT/src/week6/Day1Project2/src/main/webpages/temp
09-Feb-2026 14:54:25.382 INFO [main] org.apache.catalina.startup.VersionLoggerListener.log Command line argument: -Djava.util.logging.config.file=/Users/adityadaharwal/Developer/TEST_PROJECT/src/week6/Day1Project2/src/main/webpages/conf/logging.properties
09-Feb-2026 14:54:25.382 INFO [main] org.apache.catalina.startup.VersionLoggerListener.log Command line argument: -Djava.util.logging.manager=org.apache.juli.ClassLoaderLogManager
09-Feb-2026 14:54:25.382 INFO [main] org.apache.catalina.startup.VersionLoggerListener.log Command line argument: -javaagent:/Applications/IntelliJ IDEA.app/Contents/lib/idea_rt.jar=49563
09-Feb-2026 14:54:25.382 INFO [main] org.apache.catalina.startup.VersionLoggerListener.log Command line argument: -Dfile.encoding=UTF-8
09-Feb-2026 14:54:25.382 INFO [main] org.apache.catalina.startup.VersionLoggerListener.log Command line argument: -Dsun.stdout.encoding=UTF-8
09-Feb-2026 14:54:25.382 INFO [main] org.apache.catalina.startup.VersionLoggerListener.log Command line argument: -Dsun.stderr.encoding=UTF-8
09-Feb-2026 14:54:25.391 INFO [main] org.apache.catalina.core.AprLifecycleListener.lifecycleEvent The Apache Tomcat Native library which allows using OpenSSL was not found on the java.library.path: [/Users/adityadaharwal/Library/Java/Extensions:/Library/Java/Extensions:/Network/Library/Java/Extensions:/System/Library/Java/Extensions:/usr/lib/java:.]
09-Feb-2026 14:54:25.576 INFO [main] org.apache.coyote.AbstractProtocol.init Initializing ProtocolHandler ["http-nio-8080"]
09-Feb-2026 14:54:25.586 INFO [main] org.apache.catalina.startup.Catalina.load Server initialization in [307] milliseconds
09-Feb-2026 14:54:25.610 INFO [main] org.apache.catalina.core.StandardService.startInternal Starting service [Catalina]
09-Feb-2026 14:54:25.610 INFO [main] org.apache.catalina.core.StandardEngine.startInternal Starting Servlet engine: [Apache Tomcat/10.1.52]
09-Feb-2026 14:54:25.616 INFO [main] org.apache.catalina.startup.HostConfig.deployDescriptor Deploying deployment descriptor [/Users/adityadaharwal/Developer/TEST_PROJECT/src/week6/Day1Project2/src/main/webpages/conf/Catalina/localhost/Day1Project2.xml]
09-Feb-2026 14:54:25.784 INFO [main] org.apache.catalina.startup.HostConfig.deployDescriptor Deployment of deployment descriptor [/Users/adityadaharwal/Developer/TEST_PROJECT/src/week6/Day1Project2/src/main/webpages/conf/Catalina/localhost/Day1Project2.xml] has finished in [166] ms
09-Feb-2026 14:54:25.786 INFO [main] org.apache.coyote.AbstractProtocol.start Starting ProtocolHandler ["http-nio-8080"]
09-Feb-2026 14:54:25.799 INFO [main] org.apache.catalina.startup.Catalina.start Server startup in [211] milliseconds
09-Feb-2026 15:03:11.009 INFO [Thread-1] org.apache.coyote.AbstractProtocol.pause Pausing ProtocolHandler ["http-nio-8080"]
09-Feb-2026 15:03:11.017 INFO [Thread-1] org.apache.catalina.core.StandardService.stopInternal Stopping service [Catalina]
09-Feb-2026 15:03:11.033 INFO [Thread-1] org.apache.coyote.AbstractProtocol.stop Stopping ProtocolHandler ["http-nio-8080"]
09-Feb-2026 15:03:11.043 INFO [Thread-1] org.apache.coyote.AbstractProtocol.destroy Destroying ProtocolHandler ["http-nio-8080"]
09-Feb-2026 15:03:12.596 INFO [main] org.apache.catalina.startup.VersionLoggerListener.log Server version name:   Apache Tomcat/10.1.52
09-Feb-2026 15:03:12.600 INFO [main] org.apache.catalina.startup.VersionLoggerListener.log Server built:          Jan 23 2026 19:29:07 UTC
09-Feb-2026 15:03:12.600 INFO [main] org.apache.catalina.startup.VersionLoggerListener.log Server version number: 10.1.52.0
09-Feb-2026 15:03:12.600 INFO [main] org.apache.catalina.startup.VersionLoggerListener.log OS Name:               Mac OS X
09-Feb-2026 15:03:12.600 INFO [main] org.apache.catalina.startup.VersionLoggerListener.log OS Version:            26.2
09-Feb-2026 15:03:12.600 INFO [main] org.apache.catalina.startup.VersionLoggerListener.log Architecture:          aarch64
09-Feb-2026 15:03:12.600 INFO [main] org.apache.catalina.startup.VersionLoggerListener.log Java Home:             /opt/homebrew/Cellar/openjdk/25.0.1/libexec/openjdk.jdk/Contents/Home
09-Feb-2026 15:03:12.600 INFO [main] org.apache.catalina.startup.VersionLoggerListener.log JVM Version:           25.0.1
09-Feb-2026 15:03:12.601 INFO [main] org.apache.catalina.startup.VersionLoggerListener.log JVM Vendor:            Homebrew
09-Feb-2026 15:03:12.601 INFO [main] org.apache.catalina.startup.VersionLoggerListener.log CATALINA_BASE:         /Users/adityadaharwal/Developer/TEST_PROJECT/src/week6/Day1Project2/src/main/webpages
09-Feb-2026 15:03:12.601 INFO [main] org.apache.catalina.startup.VersionLoggerListener.log CATALINA_HOME:         /Users/adityadaharwal/Developer/TEST_PROJECT/src/week6/apache-tomcat-10.1.52
09-Feb-2026 15:03:12.608 INFO [main] org.apache.catalina.startup.VersionLoggerListener.log Command line argument: --add-opens=java.base/java.lang=ALL-UNNAMED
09-Feb-2026 15:03:12.608 INFO [main] org.apache.catalina.startup.VersionLoggerListener.log Command line argument: --add-opens=java.base/java.io=ALL-UNNAMED
09-Feb-2026 15:03:12.608 INFO [main] org.apache.catalina.startup.VersionLoggerListener.log Command line argument: --add-opens=java.base/java.util=ALL-UNNAMED
09-Feb-2026 15:03:12.608 INFO [main] org.apache.catalina.startup.VersionLoggerListener.log Command line argument: --add-opens=java.base/java.util.concurrent=ALL-UNNAMED
09-Feb-2026 15:03:12.608 INFO [main] org.apache.catalina.startup.VersionLoggerListener.log Command line argument: --add-opens=java.rmi/sun.rmi.transport=ALL-UNNAMED
09-Feb-2026 15:03:12.608 INFO [main] org.apache.catalina.startup.VersionLoggerListener.log Command line argument: -agentlib:jdwp=transport=dt_socket,address=127.0.0.1:49626,suspend=y,server=n
09-Feb-2026 15:03:12.608 INFO [main] org.apache.catalina.startup.VersionLoggerListener.log Command line argument: -javaagent:/Users/adityadaharwal/Library/Caches/JetBrains/IntelliJIdea2025.3/captureAgent/debugger-agent.jar=file:///var/folders/qk/_bqmkr9j4r7d0nbn8pcdlmvm0000gn/T/capture12561141679314736598.props
09-Feb-2026 15:03:12.608 INFO [main] org.apache.catalina.startup.VersionLoggerListener.log Command line argument: -Dcatalina.home=/Users/adityadaharwal/Developer/TEST_PROJECT/src/week6/apache-tomcat-10.1.52
09-Feb-2026 15:03:12.608 INFO [main] org.apache.catalina.startup.VersionLoggerListener.log Command line argument: -Dcatalina.base=/Users/adityadaharwal/Developer/TEST_PROJECT/src/week6/Day1Project2/src/main/webpages
09-Feb-2026 15:03:12.608 INFO [main] org.apache.catalina.startup.VersionLoggerListener.log Command line argument: -Djava.io.tmpdir=/Users/adityadaharwal/Developer/TEST_PROJECT/src/week6/Day1Project2/src/main/webpages/temp
09-Feb-2026 15:03:12.608 INFO [main] org.apache.catalina.startup.VersionLoggerListener.log Command line argument: -Djava.util.logging.config.file=/Users/adityadaharwal/Developer/TEST_PROJECT/src/week6/Day1Project2/src/main/webpages/conf/logging.properties
09-Feb-2026 15:03:12.608 INFO [main] org.apache.catalina.startup.VersionLoggerListener.log Command line argument: -Djava.util.logging.manager=org.apache.juli.ClassLoaderLogManager
09-Feb-2026 15:03:12.608 INFO [main] org.apache.catalina.startup.VersionLoggerListener.log Command line argument: -Dkotlinx.coroutines.debug.enable.creation.stack.trace=false
09-Feb-2026 15:03:12.608 INFO [main] org.apache.catalina.startup.VersionLoggerListener.log Command line argument: -Ddebugger.agent.enable.coroutines=true
09-Feb-2026 15:03:12.608 INFO [main] org.apache.catalina.startup.VersionLoggerListener.log Command line argument: -Dkotlinx.coroutines.debug.enable.flows.stack.trace=true
09-Feb-2026 15:03:12.609 INFO [main] org.apache.catalina.startup.VersionLoggerListener.log Command line argument: -Dkotlinx.coroutines.debug.enable.mutable.state.flows.stack.trace=true
09-Feb-2026 15:03:12.609 INFO [main] org.apache.catalina.startup.VersionLoggerListener.log Command line argument: -Ddebugger.async.stack.trace.for.all.threads=true
09-Feb-2026 15:03:12.609 INFO [main] org.apache.catalina.startup.VersionLoggerListener.log Command line argument: -Dfile.encoding=UTF-8
09-Feb-2026 15:03:12.609 INFO [main] org.apache.catalina.startup.VersionLoggerListener.log Command line argument: -Dsun.stdout.encoding=UTF-8
09-Feb-2026 15:03:12.609 INFO [main] org.apache.catalina.startup.VersionLoggerListener.log Command line argument: -Dsun.stderr.encoding=UTF-8
09-Feb-2026 15:03:12.617 INFO [main] org.apache.catalina.core.AprLifecycleListener.lifecycleEvent The Apache Tomcat Native library which allows using OpenSSL was not found on the java.library.path: [/Users/adityadaharwal/Library/Java/Extensions:/Library/Java/Extensions:/Network/Library/Java/Extensions:/System/Library/Java/Extensions:/usr/lib/java:.]
09-Feb-2026 15:03:12.774 INFO [main] org.apache.coyote.AbstractProtocol.init Initializing ProtocolHandler ["http-nio-8080"]
09-Feb-2026 15:03:12.800 INFO [main] org.apache.catalina.startup.Catalina.load Server initialization in [358] milliseconds
09-Feb-2026 15:03:12.822 INFO [main] org.apache.catalina.core.StandardService.startInternal Starting service [Catalina]
09-Feb-2026 15:03:12.823 INFO [main] org.apache.catalina.core.StandardEngine.startInternal Starting Servlet engine: [Apache Tomcat/10.1.52]
09-Feb-2026 15:03:12.831 INFO [main] org.apache.catalina.startup.HostConfig.deployDescriptor Deploying deployment descriptor [/Users/adityadaharwal/Developer/TEST_PROJECT/src/week6/Day1Project2/src/main/webpages/conf/Catalina/localhost/Day1Project2.xml]
09-Feb-2026 15:03:13.013 INFO [main] org.apache.jasper.servlet.TldScanner.scanJars At least one JAR was scanned for TLDs yet contained no TLDs. Enable debug logging for this logger for a complete list of JARs that were scanned but no TLDs were found in them. Skipping unneeded JARs during scanning can improve startup time and JSP compilation time.
09-Feb-2026 15:03:13.039 INFO [main] org.apache.catalina.startup.HostConfig.deployDescriptor Deployment of deployment descriptor [/Users/adityadaharwal/Developer/TEST_PROJECT/src/week6/Day1Project2/src/main/webpages/conf/Catalina/localhost/Day1Project2.xml] has finished in [202] ms
09-Feb-2026 15:03:13.041 INFO [main] org.apache.coyote.AbstractProtocol.start Starting ProtocolHandler ["http-nio-8080"]
09-Feb-2026 15:03:13.051 INFO [main] org.apache.catalina.startup.Catalina.start Server startup in [251] milliseconds
09-Feb-2026 15:03:31.922 INFO [Thread-1] org.apache.coyote.AbstractProtocol.pause Pausing ProtocolHandler ["http-nio-8080"]
09-Feb-2026 15:03:31.926 INFO [Thread-1] org.apache.catalina.core.StandardService.stopInternal Stopping service [Catalina]
09-Feb-2026 15:03:31.932 INFO [Thread-1] org.apache.coyote.AbstractProtocol.stop Stopping ProtocolHandler ["http-nio-8080"]
09-Feb-2026 15:03:31.937 INFO [Thread-1] org.apache.coyote.AbstractProtocol.destroy Destroying ProtocolHandler ["http-nio-8080"]
